first id -cell-mask.tif len 14
0;AD3 (m) mTESR p16 40x 48h 3-cell-mask.tif
1;AD3 (m) mTESR p16 40x 48h 6-cell-mask.tif
2;AD3 (m) mTESR p16 40x 48h 7-cell-mask.tif
3;AD3 (m) mTESR p16 40x 48h 8.2-cell-mask.tif
4;AD3 (m) mTESR p16 40x 48h 4-cell-mask.tif
5;AD3 (m) mTESR p16 40x 48h 1-cell-mask.tif
6;AD3 (m) mTESR p16 40x 48h 8.1-cell-mask.tif
7;AD3 (m) mTESR p16 40x 48h 7.1-cell-mask.tif
8;AD3 (m) mTESR p16 40x 48h 5-cell-mask.tif
9;AD3 (m) mTESR p16 40x 48h 5.2-cell-mask.tif
10;AD3 (m) mTESR p16 40x 48h 10.1-cell-mask.tif
11;AD3 (m) mTESR p16 40x 48h 8-cell-mask.tif
12;AD3 (m) mTESR p16 40x 48h 1.1-cell-mask.tif
13;AD3 (m) mTESR p16 40x 48h 9-cell-mask.tif
14;AD3 (m) mTESR p16 40x 48h 5.1-cell-mask.tif
15;AD3 (m) mTESR p16 40x 48h 8.3-cell-mask.tif
16;AD3 (m) mTESR p16 40x 48h 10.2-cell-mask.tif
1 from 17 /mnt/wdb4/data/cell_images/work/рнф эвос/Olya/mTESR Olya/AD3 mTESR (M) 48h 12.04 Olya/40x/AD3 (m) mTESR p16 40x 48h 3 starting -/mnt/wdb4/data/cell_images/work/рнф эвос/Olya/mTESR Olya/AD3 mTESR (M) 48h 12.04 Olya/40x/AD3 (m) mTESR p16 40x 48h 3_step_5_cell_shapes.ini- comleted with 0 failed nodes
2 from 17 /mnt/wdb4/data/cell_images/work/рнф эвос/Olya/mTESR Olya/AD3 mTESR (M) 48h 12.04 Olya/40x/AD3 (m) mTESR p16 40x 48h 6 starting -/mnt/wdb4/data/cell_images/work/рнф эвос/Olya/mTESR Olya/AD3 mTESR (M) 48h 12.04 Olya/40x/AD3 (m) mTESR p16 40x 48h 6_step_5_cell_shapes.ini- comleted with 0 failed nodes
3 from 17 /mnt/wdb4/data/cell_images/work/рнф эвос/Olya/mTESR Olya/AD3 mTESR (M) 48h 12.04 Olya/40x/AD3 (m) mTESR p16 40x 48h 7 starting -/mnt/wdb4/data/cell_images/work/рнф эвос/Olya/mTESR Olya/AD3 mTESR (M) 48h 12.04 Olya/40x/AD3 (m) mTESR p16 40x 48h 7_step_5_cell_shapes.ini- comleted with 0 failed nodes
4 from 17 /mnt/wdb4/data/cell_images/work/рнф эвос/Olya/mTESR Olya/AD3 mTESR (M) 48h 12.04 Olya/40x/AD3 (m) mTESR p16 40x 48h 8.2 starting -/mnt/wdb4/data/cell_images/work/рнф эвос/Olya/mTESR Olya/AD3 mTESR (M) 48h 12.04 Olya/40x/AD3 (m) mTESR p16 40x 48h 8.2_step_5_cell_shapes.ini- comleted with 0 failed nodes
5 from 17 /mnt/wdb4/data/cell_images/work/рнф эвос/Olya/mTESR Olya/AD3 mTESR (M) 48h 12.04 Olya/40x/AD3 (m) mTESR p16 40x 48h 4 starting -/mnt/wdb4/data/cell_images/work/рнф эвос/Olya/mTESR Olya/AD3 mTESR (M) 48h 12.04 Olya/40x/AD3 (m) mTESR p16 40x 48h 4_step_5_cell_shapes.ini- comleted with 0 failed nodes
6 from 17 /mnt/wdb4/data/cell_images/work/рнф эвос/Olya/mTESR Olya/AD3 mTESR (M) 48h 12.04 Olya/40x/AD3 (m) mTESR p16 40x 48h 1 starting -/mnt/wdb4/data/cell_images/work/рнф эвос/Olya/mTESR Olya/AD3 mTESR (M) 48h 12.04 Olya/40x/AD3 (m) mTESR p16 40x 48h 1_step_5_cell_shapes.ini- comleted with 0 failed nodes
7 from 17 /mnt/wdb4/data/cell_images/work/рнф эвос/Olya/mTESR Olya/AD3 mTESR (M) 48h 12.04 Olya/40x/AD3 (m) mTESR p16 40x 48h 8.1 starting -/mnt/wdb4/data/cell_images/work/рнф эвос/Olya/mTESR Olya/AD3 mTESR (M) 48h 12.04 Olya/40x/AD3 (m) mTESR p16 40x 48h 8.1_step_5_cell_shapes.ini- comleted with 0 failed nodes
8 from 17 /mnt/wdb4/data/cell_images/work/рнф эвос/Olya/mTESR Olya/AD3 mTESR (M) 48h 12.04 Olya/40x/AD3 (m) mTESR p16 40x 48h 7.1 starting -/mnt/wdb4/data/cell_images/work/рнф эвос/Olya/mTESR Olya/AD3 mTESR (M) 48h 12.04 Olya/40x/AD3 (m) mTESR p16 40x 48h 7.1_step_5_cell_shapes.ini- comleted with 0 failed nodes
9 from 17 /mnt/wdb4/data/cell_images/work/рнф эвос/Olya/mTESR Olya/AD3 mTESR (M) 48h 12.04 Olya/40x/AD3 (m) mTESR p16 40x 48h 5 starting -/mnt/wdb4/data/cell_images/work/рнф эвос/Olya/mTESR Olya/AD3 mTESR (M) 48h 12.04 Olya/40x/AD3 (m) mTESR p16 40x 48h 5_step_5_cell_shapes.ini- comleted with 0 failed nodes
10 from 17 /mnt/wdb4/data/cell_images/work/рнф эвос/Olya/mTESR Olya/AD3 mTESR (M) 48h 12.04 Olya/40x/AD3 (m) mTESR p16 40x 48h 5.2 starting -/mnt/wdb4/data/cell_images/work/рнф эвос/Olya/mTESR Olya/AD3 mTESR (M) 48h 12.04 Olya/40x/AD3 (m) mTESR p16 40x 48h 5.2_step_5_cell_shapes.ini- comleted with 0 failed nodes
11 from 17 /mnt/wdb4/data/cell_images/work/рнф эвос/Olya/mTESR Olya/AD3 mTESR (M) 48h 12.04 Olya/40x/AD3 (m) mTESR p16 40x 48h 10.1 starting -/mnt/wdb4/data/cell_images/work/рнф эвос/Olya/mTESR Olya/AD3 mTESR (M) 48h 12.04 Olya/40x/AD3 (m) mTESR p16 40x 48h 10.1_step_5_cell_shapes.ini- comleted with 0 failed nodes
12 from 17 /mnt/wdb4/data/cell_images/work/рнф эвос/Olya/mTESR Olya/AD3 mTESR (M) 48h 12.04 Olya/40x/AD3 (m) mTESR p16 40x 48h 8 starting -/mnt/wdb4/data/cell_images/work/рнф эвос/Olya/mTESR Olya/AD3 mTESR (M) 48h 12.04 Olya/40x/AD3 (m) mTESR p16 40x 48h 8_step_5_cell_shapes.ini- comleted with 0 failed nodes
13 from 17 /mnt/wdb4/data/cell_images/work/рнф эвос/Olya/mTESR Olya/AD3 mTESR (M) 48h 12.04 Olya/40x/AD3 (m) mTESR p16 40x 48h 1.1 starting -/mnt/wdb4/data/cell_images/work/рнф эвос/Olya/mTESR Olya/AD3 mTESR (M) 48h 12.04 Olya/40x/AD3 (m) mTESR p16 40x 48h 1.1_step_5_cell_shapes.ini- comleted with 0 failed nodes
14 from 17 /mnt/wdb4/data/cell_images/work/рнф эвос/Olya/mTESR Olya/AD3 mTESR (M) 48h 12.04 Olya/40x/AD3 (m) mTESR p16 40x 48h 9 starting -/mnt/wdb4/data/cell_images/work/рнф эвос/Olya/mTESR Olya/AD3 mTESR (M) 48h 12.04 Olya/40x/AD3 (m) mTESR p16 40x 48h 9_step_5_cell_shapes.ini- comleted with 0 failed nodes
15 from 17 /mnt/wdb4/data/cell_images/work/рнф эвос/Olya/mTESR Olya/AD3 mTESR (M) 48h 12.04 Olya/40x/AD3 (m) mTESR p16 40x 48h 5.1 starting -/mnt/wdb4/data/cell_images/work/рнф эвос/Olya/mTESR Olya/AD3 mTESR (M) 48h 12.04 Olya/40x/AD3 (m) mTESR p16 40x 48h 5.1_step_5_cell_shapes.ini- comleted with 0 failed nodes
16 from 17 /mnt/wdb4/data/cell_images/work/рнф эвос/Olya/mTESR Olya/AD3 mTESR (M) 48h 12.04 Olya/40x/AD3 (m) mTESR p16 40x 48h 8.3 starting -/mnt/wdb4/data/cell_images/work/рнф эвос/Olya/mTESR Olya/AD3 mTESR (M) 48h 12.04 Olya/40x/AD3 (m) mTESR p16 40x 48h 8.3_step_5_cell_shapes.ini- comleted with 0 failed nodes
17 from 17 /mnt/wdb4/data/cell_images/work/рнф эвос/Olya/mTESR Olya/AD3 mTESR (M) 48h 12.04 Olya/40x/AD3 (m) mTESR p16 40x 48h 10.2 starting -/mnt/wdb4/data/cell_images/work/рнф эвос/Olya/mTESR Olya/AD3 mTESR (M) 48h 12.04 Olya/40x/AD3 (m) mTESR p16 40x 48h 10.2_step_5_cell_shapes.ini- comleted with 0 failed nodes
