first id -cell-mask.tif len 14
0;13 x40 a-cell-mask.tif
1;22 x40 a-cell-mask.tif
2;18 x40 a-cell-mask.tif
3;12 x40 b-cell-mask.tif
4;11 x40 a-cell-mask.tif
5;20 x40 a-cell-mask.tif
6;17 x40 a-cell-mask.tif
7;21 x40 a-cell-mask.tif
8;1 x40 a-cell-mask.tif
9;8 x40 a-cell-mask.tif
10;19 x40 a-cell-mask.tif
11;9 x40 a-cell-mask.tif
1 from 12 /mnt/wdb4/data/cell_images/work/CASR EVOS/CaSR 48h E8/40x/13 x40 a starting -/mnt/wdb4/data/cell_images/work/CASR EVOS/CaSR 48h E8/40x/13 x40 a_step_5_cell_shapes.ini- comleted with 0 failed nodes
2 from 12 /mnt/wdb4/data/cell_images/work/CASR EVOS/CaSR 48h E8/40x/22 x40 a starting -/mnt/wdb4/data/cell_images/work/CASR EVOS/CaSR 48h E8/40x/22 x40 a_step_5_cell_shapes.ini- comleted with 0 failed nodes
3 from 12 /mnt/wdb4/data/cell_images/work/CASR EVOS/CaSR 48h E8/40x/18 x40 a starting -/mnt/wdb4/data/cell_images/work/CASR EVOS/CaSR 48h E8/40x/18 x40 a_step_5_cell_shapes.ini- comleted with 0 failed nodes
4 from 12 /mnt/wdb4/data/cell_images/work/CASR EVOS/CaSR 48h E8/40x/12 x40 b starting -/mnt/wdb4/data/cell_images/work/CASR EVOS/CaSR 48h E8/40x/12 x40 b_step_5_cell_shapes.ini- comleted with 0 failed nodes
5 from 12 /mnt/wdb4/data/cell_images/work/CASR EVOS/CaSR 48h E8/40x/11 x40 a starting -/mnt/wdb4/data/cell_images/work/CASR EVOS/CaSR 48h E8/40x/11 x40 a_step_5_cell_shapes.ini- comleted with 0 failed nodes
6 from 12 /mnt/wdb4/data/cell_images/work/CASR EVOS/CaSR 48h E8/40x/20 x40 a starting -/mnt/wdb4/data/cell_images/work/CASR EVOS/CaSR 48h E8/40x/20 x40 a_step_5_cell_shapes.ini- comleted with 0 failed nodes
7 from 12 /mnt/wdb4/data/cell_images/work/CASR EVOS/CaSR 48h E8/40x/17 x40 a starting -/mnt/wdb4/data/cell_images/work/CASR EVOS/CaSR 48h E8/40x/17 x40 a_step_5_cell_shapes.ini- comleted with 0 failed nodes
8 from 12 /mnt/wdb4/data/cell_images/work/CASR EVOS/CaSR 48h E8/40x/21 x40 a starting -/mnt/wdb4/data/cell_images/work/CASR EVOS/CaSR 48h E8/40x/21 x40 a_step_5_cell_shapes.ini- comleted with 0 failed nodes
9 from 12 /mnt/wdb4/data/cell_images/work/CASR EVOS/CaSR 48h E8/40x/1 x40 a starting -/mnt/wdb4/data/cell_images/work/CASR EVOS/CaSR 48h E8/40x/1 x40 a_step_5_cell_shapes.ini- comleted with 0 failed nodes
10 from 12 /mnt/wdb4/data/cell_images/work/CASR EVOS/CaSR 48h E8/40x/8 x40 a starting -/mnt/wdb4/data/cell_images/work/CASR EVOS/CaSR 48h E8/40x/8 x40 a_step_5_cell_shapes.ini- comleted with 0 failed nodes
11 from 12 /mnt/wdb4/data/cell_images/work/CASR EVOS/CaSR 48h E8/40x/19 x40 a starting -/mnt/wdb4/data/cell_images/work/CASR EVOS/CaSR 48h E8/40x/19 x40 a_step_5_cell_shapes.ini- comleted with 0 failed nodes
12 from 12 /mnt/wdb4/data/cell_images/work/CASR EVOS/CaSR 48h E8/40x/9 x40 a starting -/mnt/wdb4/data/cell_images/work/CASR EVOS/CaSR 48h E8/40x/9 x40 a_step_5_cell_shapes.ini- comleted with 0 failed nodes
